0 info it worked if it ends with ok
1 verbose cli [ '/Users/conrad/.nvm/v0.10.38/bin/node',
1 verbose cli   '/Users/conrad/.nvm/v0.10.38/bin/npm',
1 verbose cli   'publish' ]
2 info using npm@1.4.28
3 info using node@v0.10.38
4 verbose node symlink /Users/conrad/.nvm/v0.10.38/bin/node
5 verbose publish [ '.' ]
6 verbose cache add [ '.', null ]
7 verbose cache add name=undefined spec="." args=[".",null]
8 verbose parsed url { protocol: null,
8 verbose parsed url   slashes: null,
8 verbose parsed url   auth: null,
8 verbose parsed url   host: null,
8 verbose parsed url   port: null,
8 verbose parsed url   hostname: null,
8 verbose parsed url   hash: null,
8 verbose parsed url   search: null,
8 verbose parsed url   query: null,
8 verbose parsed url   pathname: '.',
8 verbose parsed url   path: '.',
8 verbose parsed url   href: '.' }
9 silly lockFile 3a52ce78- .
10 verbose lock . /Users/conrad/.npm/3a52ce78-.lock
11 verbose tar pack [ '/Users/conrad/.npm/trie-ing/0.0.1/package.tgz', '.' ]
12 verbose tarball /Users/conrad/.npm/trie-ing/0.0.1/package.tgz
13 verbose folder .
14 info prepublish trie-ing@0.0.1
15 silly lockFile 1f1177db-tar tar://.
16 verbose lock tar://. /Users/conrad/.npm/1f1177db-tar.lock
17 silly lockFile cc53d201-d-npm-trie-ing-0-0-1-package-tgz tar:///Users/conrad/.npm/trie-ing/0.0.1/package.tgz
18 verbose lock tar:///Users/conrad/.npm/trie-ing/0.0.1/package.tgz /Users/conrad/.npm/cc53d201-d-npm-trie-ing-0-0-1-package-tgz.lock
19 silly lockFile 1f1177db-tar tar://.
20 silly lockFile 1f1177db-tar tar://.
21 silly lockFile cc53d201-d-npm-trie-ing-0-0-1-package-tgz tar:///Users/conrad/.npm/trie-ing/0.0.1/package.tgz
22 silly lockFile cc53d201-d-npm-trie-ing-0-0-1-package-tgz tar:///Users/conrad/.npm/trie-ing/0.0.1/package.tgz
23 silly lockFile bd05b836-onrad-npm-trie-ing-0-0-1-package /Users/conrad/.npm/trie-ing/0.0.1/package
24 verbose lock /Users/conrad/.npm/trie-ing/0.0.1/package /Users/conrad/.npm/bd05b836-onrad-npm-trie-ing-0-0-1-package.lock
25 silly lockFile bd05b836-onrad-npm-trie-ing-0-0-1-package /Users/conrad/.npm/trie-ing/0.0.1/package
26 silly lockFile bd05b836-onrad-npm-trie-ing-0-0-1-package /Users/conrad/.npm/trie-ing/0.0.1/package
27 silly lockFile 3a52ce78- .
28 silly lockFile 3a52ce78- .
29 silly publish { name: 'trie-ing',
29 silly publish   version: '0.0.1',
29 silly publish   description: 'The trie from node-autocompleter in a form that can be used in browser',
29 silly publish   main: 'index.js',
29 silly publish   readme: 'ERROR: No README data found!',
29 silly publish   _id: 'trie-ing@0.0.1',
29 silly publish   scripts: {},
29 silly publish   _shasum: 'aadd7bc08f5d26a8b64acf96a40f711e98f5a966',
29 silly publish   _from: '.' }
30 error need auth auth and email required for publishing
30 error need auth You need to authorize this machine using `npm adduser`
31 error System Darwin 14.3.0
32 error command "/Users/conrad/.nvm/v0.10.38/bin/node" "/Users/conrad/.nvm/v0.10.38/bin/npm" "publish"
33 error cwd /0/js/trie-ing
34 error node -v v0.10.38
35 error npm -v 1.4.28
36 error code ENEEDAUTH
37 verbose exit [ 1, true ]
